=================================================================================
자동 배포 프로세스 시작
시작 시간: Tue Jan 20 09:45:58 UTC 2026
=================================================================================

1단계: 스택 삭제 완료 대기 중...

09:45:59 - 대기 중... (상태: DELETE_IN_PROGRESS, 경과: 0분)
09:47:01 - 대기 중... (상태: DELETE_IN_PROGRESS, 경과: 1분)
09:48:02 - 대기 중... (상태: DELETE_IN_PROGRESS, 경과: 2분)
09:49:03 - 대기 중... (상태: DELETE_IN_PROGRESS, 경과: 3분)
09:50:04 - 대기 중... (상태: DELETE_IN_PROGRESS, 경과: 4분)
09:51:05 - 대기 중... (상태: DELETE_IN_PROGRESS, 경과: 5분)
09:52:07 - 대기 중... (상태: DELETE_IN_PROGRESS, 경과: 6분)
09:53:08 - 대기 중... (상태: DELETE_IN_PROGRESS, 경과: 7분)
09:54:09 - 대기 중... (상태: DELETE_IN_PROGRESS, 경과: 8분)
09:55:10 - 대기 중... (상태: DELETE_IN_PROGRESS, 경과: 9분)
09:56:11 - 대기 중... (상태: DELETE_FAILED, 경과: 10분)
❌ 스택 삭제 실패!
=================================================================================
자동 배포 프로세스 시작
시작 시간: Tue Jan 20 09:59:00 UTC 2026
=================================================================================

1단계: 스택 삭제 완료 대기 중...

09:59:02 - ✅ 스택 삭제 완료!

=================================================================================
2단계: 수정된 설정으로 재배포 시작
시작 시간: Tue Jan 20 09:59:02 UTC 2026
=================================================================================

=== Retail Demo Store v2 배포 시작 ===
시작 시간: 09:59:02


Waiting for changeset to be created..
Waiting for stack create/update to complete

Failed to create/update the stack. Run the following command
to fetch the list of events leading up to the failure
aws cloudformation describe-stack-events --stack-name retaildemostore-v2

배포 완료 시간: 10:48:11

=================================================================================
배포 프로세스 완료
완료 시간: Tue Jan 20 10:48:11 UTC 2026
=================================================================================
