=== 스택 삭제 완료 대기 중 ===
시작 시간: 09:34:18

09:34:19 - 현재 상태: DELETE_IN_PROGRESS
09:34:51 - 현재 상태: DELETE_IN_PROGRESS
09:35:22 - 현재 상태: DELETE_IN_PROGRESS
09:35:53 - 현재 상태: DELETE_IN_PROGRESS
09:36:24 - 현재 상태: DELETE_IN_PROGRESS
09:36:55 - 현재 상태: DELETE_IN_PROGRESS
09:37:27 - 현재 상태: DELETE_IN_PROGRESS
09:37:58 - 현재 상태: DELETE_IN_PROGRESS
09:38:29 - 현재 상태: DELETE_IN_PROGRESS
09:39:00 - 현재 상태: DELETE_IN_PROGRESS
09:39:31 - 현재 상태: DELETE_IN_PROGRESS
09:40:02 - 현재 상태: DELETE_IN_PROGRESS
09:40:34 - 현재 상태: DELETE_IN_PROGRESS
09:41:05 - 현재 상태: DELETE_IN_PROGRESS
09:41:36 - 현재 상태: DELETE_IN_PROGRESS
09:42:07 - 현재 상태: DELETE_IN_PROGRESS
09:42:38 - 현재 상태: DELETE_IN_PROGRESS
09:43:10 - 현재 상태: DELETE_IN_PROGRESS
09:43:41 - 현재 상태: DELETE_IN_PROGRESS
09:44:12 - 현재 상태: DELETE_IN_PROGRESS
09:44:43 - 현재 상태: DELETE_IN_PROGRESS
09:45:14 - 현재 상태: DELETE_IN_PROGRESS
09:45:45 - 현재 상태: DELETE_IN_PROGRESS
09:46:17 - 현재 상태: DELETE_IN_PROGRESS
09:46:48 - 현재 상태: DELETE_IN_PROGRESS
09:47:19 - 현재 상태: DELETE_IN_PROGRESS
09:47:50 - 현재 상태: DELETE_IN_PROGRESS
09:48:21 - 현재 상태: DELETE_IN_PROGRESS
09:48:53 - 현재 상태: DELETE_IN_PROGRESS
09:49:24 - 현재 상태: DELETE_IN_PROGRESS
09:49:55 - 현재 상태: DELETE_IN_PROGRESS
09:50:26 - 현재 상태: DELETE_IN_PROGRESS
09:50:57 - 현재 상태: DELETE_IN_PROGRESS
09:51:29 - 현재 상태: DELETE_IN_PROGRESS
09:52:00 - 현재 상태: DELETE_IN_PROGRESS
09:52:31 - 현재 상태: DELETE_IN_PROGRESS
09:53:02 - 현재 상태: DELETE_IN_PROGRESS
09:53:33 - 현재 상태: DELETE_IN_PROGRESS
09:54:04 - 현재 상태: DELETE_IN_PROGRESS
09:54:36 - 현재 상태: DELETE_IN_PROGRESS
09:55:07 - 현재 상태: DELETE_IN_PROGRESS
09:55:38 - 현재 상태: DELETE_IN_PROGRESS
09:56:09 - 현재 상태: DELETE_FAILED
09:56:09 - ❌ 삭제 실패!
완료 시간: 09:56:09
